alice:data.csv
bob:data.csv
charlie:report.docx
alice:report.docx
david:data.csv
david:report.docx
mary:present.pptx
Q@#Q$Q@#$@#$
alice:data.csv
bob:note.txt
charlie:song.flac
$@#*($&#*%
alice:music.wav
$*(@$@(%*@(%*)))))))))))))
david:data.csv
@$*(!@*@!(@*!(#*(@&$#*%
david:folder.zip
(%#%*$*^&$*&%@*^#@!&#
mary:present.pptx
@#*@(*(
$&@&@@@@@@@@#&@*#(
alice:data.csv
bob:data.csv
charlie:report.docx
*@!(*Q(*(w8(Q*Q(E*@(
alice:report.zip
david:vid.mp4
@*(*$(@#*$(DW(QADU(Q*EQ(
david:present.pptx
mary:listen.mp3
!@(#)!@@(*(S*Q(S*Q()*
awdghadgah
;a;wad;
s;wad
alice:data.csv
bob:data.csv
*@(*(*(*E()Q()*S()W
charlie:report.docx
alice:report.docx
$*#($%#(%))^)
david:vid.mp4
!&*#&@*#&&
david:music.wav
^($)(%$)%($)%
mary:listen.mp3
akwda;
;;;
;
;
;;;
dawda
alice:data.csv
bob:song.flac
#&!@*!&*@!&**($
charlie:report.docx
$&@*#&!*@^!&@!
alice:report.docx
%(#$)%$#()$@*(#!
david:vid.mp4
$*@*#&!*@!*@
david:data.csv
*#(%#*($#*($@*!@
mary:game.exe

david: config.yaml
*#@@%(#*#@*%(#%
alice:game.csv
bob:report.csv
charlie:cake.ipynb
*#@%(#*%(#*%(*
alice:report.jpeg
$U@($@$&@*&*&
david: cat.png
@&%*U&!^&!^^
charlie:report.docx
YQYYDAH@&&%(
alice:report.docx
*$#($*#(%(()^)(

alice:data.csv
bob:note.txt
charlie:song.flac

alice:data.csv
charlie:report.docx
alice:report.zip
david:vid.mp4
david:present.pptx
mary:listen.mp3
awdghadgah
6{+@*l][/]s;wad
alice:data.csv
@#(*$(@N DN@(E*(
bob:data.csv
!()@)!SJJQSjh@y
charlie:report.docx
alice:report.docx
@(*@#(@*(USQ!@*UE
david:music.wav
!))~!!*(SAUAs*!~
mary:listen.mp3
@#(@W(SQ*(*
!y{q?2(77;;;
;



:config.yaml

